17:30:18.036 [main] DEBUG TestBase.BaseClass - Application logs started......
17:30:31.474 [main] INFO  TestBase.BaseClass - Validating Tooltips
17:30:31.475 [main] INFO  TestBase.BaseClass - Test Passed
17:30:31.475 [main] DEBUG TestBase.BaseClass - Application logs end.......
17:30:31.475 [main] INFO  TestBase.BaseClass - **** Finished TC_5_ValidateGSDDetails ****
09:49:39.836 [main] INFO  TestBase.BaseClass - **** Starting TC_1_ValidateUser ****
09:49:39.838 [main] DEBUG TestBase.BaseClass - Application logs started......
09:49:46.533 [main] INFO  TestBase.BaseClass - Clicked on User Information
09:49:59.631 [main] ERROR TestBase.BaseClass - Test Failed..
09:49:59.632 [main] DEBUG TestBase.BaseClass - Debug logs....
09:49:59.664 [main] INFO  TestBase.BaseClass - **** Starting TC_2_ValidateWelcomeMessage ****
09:49:59.664 [main] DEBUG TestBase.BaseClass - Application logs started......
09:49:59.689 [main] ERROR TestBase.BaseClass - Test Failed..
09:49:59.689 [main] DEBUG TestBase.BaseClass - Debug logs....
09:49:59.692 [main] INFO  TestBase.BaseClass - **** Starting TC_3_ValidateLanguageAndCountry ****
09:49:59.692 [main] DEBUG TestBase.BaseClass - Application logs started......
09:50:09.762 [main] ERROR TestBase.BaseClass - Test Failed..
09:50:09.763 [main] DEBUG TestBase.BaseClass - Debug logs....
09:50:09.766 [main] INFO  TestBase.BaseClass - **** Starting TC_4_ValidateLanguageList ****
09:50:09.766 [main] DEBUG TestBase.BaseClass - Application logs started......
09:50:19.796 [main] ERROR TestBase.BaseClass - Test Failed..
09:50:19.796 [main] DEBUG TestBase.BaseClass - Debug logs....
09:50:19.800 [main] INFO  TestBase.BaseClass - **** Starting TC_5_ValidateGSDDetails ****
09:50:19.800 [main] DEBUG TestBase.BaseClass - Application logs started......
09:50:30.256 [main] ERROR TestBase.BaseClass - Test Failed..
09:50:30.256 [main] DEBUG TestBase.BaseClass - Debug logs....
09:54:38.243 [main] INFO  TestBase.BaseClass - **** Starting TC_1_ValidateUser ****
09:54:38.248 [main] DEBUG TestBase.BaseClass - Application logs started......
09:54:42.320 [main] INFO  TestBase.BaseClass - Clicked on User Information
09:54:45.400 [main] INFO  TestBase.BaseClass - Validating User Information
09:54:55.445 [main] ERROR TestBase.BaseClass - Test Failed..
09:54:55.445 [main] DEBUG TestBase.BaseClass - Debug logs....
09:54:55.469 [main] INFO  TestBase.BaseClass - **** Starting TC_2_ValidateWelcomeMessage ****
09:54:55.469 [main] DEBUG TestBase.BaseClass - Application logs started......
09:54:55.495 [main] ERROR TestBase.BaseClass - Test Failed..
09:54:55.496 [main] DEBUG TestBase.BaseClass - Debug logs....
09:54:55.504 [main] INFO  TestBase.BaseClass - **** Starting TC_3_ValidateLanguageAndCountry ****
09:54:55.504 [main] DEBUG TestBase.BaseClass - Application logs started......
09:55:05.543 [main] ERROR TestBase.BaseClass - Test Failed..
09:55:05.543 [main] DEBUG TestBase.BaseClass - Debug logs....
09:55:05.549 [main] INFO  TestBase.BaseClass - **** Starting TC_4_ValidateLanguageList ****
09:55:05.549 [main] DEBUG TestBase.BaseClass - Application logs started......
09:55:15.632 [main] ERROR TestBase.BaseClass - Test Failed..
09:55:15.633 [main] DEBUG TestBase.BaseClass - Debug logs....
09:55:15.637 [main] INFO  TestBase.BaseClass - **** Starting TC_5_ValidateGSDDetails ****
09:55:15.637 [main] DEBUG TestBase.BaseClass - Application logs started......
09:55:26.013 [main] ERROR TestBase.BaseClass - Test Failed..
09:55:26.013 [main] DEBUG TestBase.BaseClass - Debug logs....
09:56:50.005 [main] INFO  TestBase.BaseClass - **** Starting TC_1_ValidateUser ****
09:56:50.013 [main] DEBUG TestBase.BaseClass - Application logs started......
09:56:53.500 [main] INFO  TestBase.BaseClass - Clicked on User Information
09:56:56.582 [main] INFO  TestBase.BaseClass - Validating User Information
09:56:56.724 [main] INFO  TestBase.BaseClass - Clicked on One Cognizant
09:56:56.724 [main] INFO  TestBase.BaseClass - Test Passed
09:56:56.724 [main] DEBUG TestBase.BaseClass - Application logs end.......
09:56:56.724 [main] INFO  TestBase.BaseClass - **** Finished TC_1_ValidateUser ****
09:56:56.748 [main] INFO  TestBase.BaseClass - **** Starting TC_2_ValidateWelcomeMessage ****
09:56:56.749 [main] DEBUG TestBase.BaseClass - Application logs started......
09:57:01.315 [main] INFO  TestBase.BaseClass - Clicked on Search
09:57:01.411 [main] INFO  TestBase.BaseClass - Clicked on GSD
09:57:17.572 [main] INFO  TestBase.BaseClass - Validating Welcome message
09:57:17.572 [main] INFO  TestBase.BaseClass - Test Passed
09:57:17.572 [main] DEBUG TestBase.BaseClass - Application logs end.......
09:57:17.572 [main] INFO  TestBase.BaseClass - **** Finished TC_2_ValidateWelcomeMessage ****
09:57:17.574 [main] INFO  TestBase.BaseClass - **** Starting TC_3_ValidateLanguageAndCountry ****
09:57:17.574 [main] DEBUG TestBase.BaseClass - Application logs started......
09:57:17.601 [main] INFO  TestBase.BaseClass - Validating Default Country
